Building DAG of jobs...
Using snakemake/snakemake:v7.25.0 for Kubernetes jobs.
Using shell: /bin/bash
Provided cloud nodes: 999
Job stats:
job                    count    min threads    max threads
-------------------  -------  -------------  -------------
all                        1              1              1
cutadapt_feature           1              3              3
starsolo_feature           1              3              3
starsolo_gex_counts        1              3              3
total                      4              1              3

Select jobs to execute...
Failed to solve scheduling problem with ILP solver. Falling back to greedy solver. Run Snakemake with --verbose to see the full solver output for debugging the problem.

[Fri Apr 14 17:31:09 2023]
rule starsolo_gex_counts:
    output: bkt-test-926/pbmc_test/results/gex/pbmc/pbmc_Solo.out/Barcodes.stats
    log: bkt-test-926/logs/pbmc_star_gex_counts.out
    jobid: 1
    reason: Missing output files: bkt-test-926/pbmc_test/results/gex/pbmc/pbmc_Solo.out/Barcodes.stats
    wildcards: sample=pbmc
    threads: 3
    resources: mem_mb=1000, mem_mib=954, disk_mb=1000, disk_mib=954, tmpdir=<TBD>

Get status with:
kubectl describe pod snakejob-9634a0cb-48b9-5ee6-af74-25746ec0ba13
kubectl logs snakejob-9634a0cb-48b9-5ee6-af74-25746ec0ba13

[Fri Apr 14 17:31:10 2023]
rule cutadapt_feature:
    output: bkt-test-926/pbmc_test/results/cutadapt/adt/pbmc_adt_trimmed.R1.fastq.gz, bkt-test-926/pbmc_test/results/cutadapt/adt/pbmc_adt_trimmed.R2.fastq.gz
    log: bkt-test-926/logs/pbmc_cutadapt_adt.out
    jobid: 3
    reason: Missing output files: bkt-test-926/pbmc_test/results/cutadapt/adt/pbmc_adt_trimmed.R1.fastq.gz, bkt-test-926/pbmc_test/results/cutadapt/adt/pbmc_adt_trimmed.R2.fastq.gz
    wildcards: lib=adt, sample=pbmc
    threads: 3
    resources: mem_mb=1000, mem_mib=954, disk_mb=1000, disk_mib=954, tmpdir=<TBD>

Get status with:
kubectl describe pod snakejob-35a12cd3-9810-5049-85b1-22a7953ee2d4
kubectl logs snakejob-35a12cd3-9810-5049-85b1-22a7953ee2d4
[Fri Apr 14 17:31:49 2023]
Error in rule starsolo_gex_counts:
    message: For details, please issue:
kubectl describe pod snakejob-9634a0cb-48b9-5ee6-af74-25746ec0ba13
kubectl logs snakejob-9634a0cb-48b9-5ee6-af74-25746ec0ba13
    jobid: 1
    output: bkt-test-926/pbmc_test/results/gex/pbmc/pbmc_Solo.out/Barcodes.stats
    log: bkt-test-926/logs/pbmc_star_gex_counts.out (check log file(s) for error details)
    shell:
        
      STAR --soloType CB_UMI_Simple       --soloCBmatchWLtype 1MM_multi_Nbase_pseudocounts       --soloUMIfiltering MultiGeneUMI       --soloUMIdedup 1MM_Directional       --readFilesCommand gunzip -c       --runThreadN 12       --soloBarcodeReadLength 0       --outFilterScoreMin 30       --soloCBwhitelist /ref/3M-february-2018.txt --soloUMIlen 12       --genomeDir /ref/cr2020A_star       --clipAdapterType CellRanger4       --soloFeatures Gene SJ Velocyto       --soloCellFilter EmptyDrops_CR 10000 0.99 10 45000 90000 500 0.01 20000 0.01 10000         --limitOutSJcollapsed 2000000       --outFileNamePrefix /pbmc_test/results/gex/pbmc/pbmc_       --outSAMtype None       --readFilesIn $(echo  | sed 's/ /,/g;s/R1/R2/g') $(echo  | sed 's/ /,/g')
      
      find /pbmc_test/results/gex/pbmc/pbmc_* -name "*tsv" -o -name '*mtx' -o -name '*tab'       | grep -v 'SJ/raw/features.tsv' | while read i; do gzip $i; done
      
        (one of the commands exited with non-zero exit code; note that snakemake uses bash strict mode!)
    jobid: snakejob-9634a0cb-48b9-5ee6-af74-25746ec0ba13

Removing output files of failed job starsolo_gex_counts since they might be corrupted:
bkt-test-926/pbmc_test/results/gex/pbmc/pbmc_Solo.out/Barcodes.stats
[Fri Apr 14 17:32:09 2023]
Error in rule cutadapt_feature:
    message: For details, please issue:
kubectl describe pod snakejob-35a12cd3-9810-5049-85b1-22a7953ee2d4
kubectl logs snakejob-35a12cd3-9810-5049-85b1-22a7953ee2d4
    jobid: 3
    output: bkt-test-926/pbmc_test/results/cutadapt/adt/pbmc_adt_trimmed.R1.fastq.gz, bkt-test-926/pbmc_test/results/cutadapt/adt/pbmc_adt_trimmed.R2.fastq.gz
    log: bkt-test-926/logs/pbmc_cutadapt_adt.out (check log file(s) for error details)
    shell:
        
      cutadapt -j 24 -l 25         -o bkt-test-926/pbmc_test/results/cutadapt/adt/pbmc_adt_trimmed.R2.fastq.gz         <(zcat $(echo  | sed 's/R1/R2/g'))
      
      if [[ 0 == 1 ]]
      then
        ln -s  bkt-test-926/pbmc_test/results/cutadapt/adt/pbmc_adt_trimmed.R1.fastq.gz
      else
        gunzip -c  | gzip -c > bkt-test-926/pbmc_test/results/cutadapt/adt/pbmc_adt_trimmed.R1.fastq.gz
      fi
      
        (one of the commands exited with non-zero exit code; note that snakemake uses bash strict mode!)
    jobid: snakejob-35a12cd3-9810-5049-85b1-22a7953ee2d4

Shutting down, this might take some time.
Exiting because a job execution failed. Look above for error message
Complete log: .snakemake/log/2023-04-14T173101.963713.snakemake.log
