Building DAG of jobs...
Your conda installation is not configured to use strict channel priorities. This is however crucial for having robust and correct environments (for details, see https://conda-forge.org/docs/user/tipsandtricks.html). Please consider to configure strict priorities by executing 'conda config --set channel_priority strict'.
Creating conda environment env_files/star.yml...
Downloading and installing remote packages.
CreateCondaEnvironmentException:
Could not create conda environment from /Users/jdesai/Desktop/institute/snakub_test/rules/../env_files/star.yml:
Command:
mamba env create --quiet --file "/Users/jdesai/Desktop/institute/snakub_test/.snakemake/conda/2667dfd380f03b8464475b3f7e279fd7_.yaml" --prefix "/Users/jdesai/Desktop/institute/snakub_test/.snakemake/conda/2667dfd380f03b8464475b3f7e279fd7_"
Output:
warning  libmamba Cache file "/Users/jdesai/mambaforge/pkgs/cache/57e79ec4.json" was modified by another program
warning  libmamba Cache file "/Users/jdesai/mambaforge/pkgs/cache/2a957770.json" was modified by another program
warning  libmamba Cache file "/Users/jdesai/mambaforge/pkgs/cache/a850f475.json" was modified by another program
warning  libmamba Cache file "/Users/jdesai/mambaforge/pkgs/cache/09cdf8bf.json" was modified by another program
warning  libmamba Cache file "/Users/jdesai/mambaforge/pkgs/cache/9e99ffaf.json" was modified by another program
warning  libmamba Cache file "/Users/jdesai/mambaforge/pkgs/cache/3e39a7aa.json" was modified by another program
warning  libmamba Cache file "/Users/jdesai/mambaforge/pkgs/cache/8bd55712.json" was modified by another program
warning  libmamba Cache file "/Users/jdesai/mambaforge/pkgs/cache/4ea078d6.json" was modified by another program
Could not solve for environment specs
The following package could not be installed
└─ star   does not exist (perhaps a typo or a missing channel).

