Building DAG of jobs...
Using snakemake/snakemake:v7.25.0 for Kubernetes jobs.
Using shell: /bin/bash
Provided cloud nodes: 999
Job stats:
job                    count    min threads    max threads
-------------------  -------  -------------  -------------
all                        1              1              1
cutadapt_feature           1              3              3
starsolo_feature           1              3              3
starsolo_gex_counts        1              3              3
total                      4              1              3

Select jobs to execute...
Failed to solve scheduling problem with ILP solver. Falling back to greedy solver. Run Snakemake with --verbose to see the full solver output for debugging the problem.

[Fri Apr 14 15:14:50 2023]
rule starsolo_gex_counts:
    output: bkt-test-926/pbmc_test/results/gex/pbmc/pbmc_Solo.out/Barcodes.stats
    log: bkt-test-926/logs/pbmc_star_gex_counts.out
    jobid: 1
    reason: Code has changed since last execution
    wildcards: sample=pbmc
    threads: 3
    resources: mem_mb=1000, mem_mib=954, disk_mb=1000, disk_mib=954, tmpdir=<TBD>

Get status with:
kubectl describe pod snakejob-d9e30dc8-4be0-5347-afdc-ab942a754f43
kubectl logs snakejob-d9e30dc8-4be0-5347-afdc-ab942a754f43

[Fri Apr 14 15:14:50 2023]
rule cutadapt_feature:
    output: bkt-test-926/pbmc_test/results/cutadapt/adt/pbmc_adt_trimmed.R1.fastq.gz, bkt-test-926/pbmc_test/results/cutadapt/adt/pbmc_adt_trimmed.R2.fastq.gz
    log: bkt-test-926/logs/pbmc_cutadapt_adt.out
    jobid: 3
    reason: Missing output files: bkt-test-926/pbmc_test/results/cutadapt/adt/pbmc_adt_trimmed.R1.fastq.gz, bkt-test-926/pbmc_test/results/cutadapt/adt/pbmc_adt_trimmed.R2.fastq.gz
    wildcards: lib=adt, sample=pbmc
    threads: 3
    resources: mem_mb=1000, mem_mib=954, disk_mb=1000, disk_mib=954, tmpdir=<TBD>

Get status with:
kubectl describe pod snakejob-352dfc35-bcc7-559d-bdd6-8d579a53df72
kubectl logs snakejob-352dfc35-bcc7-559d-bdd6-8d579a53df72
[Fri Apr 14 15:15:29 2023]
Finished job 1.
1 of 4 steps (25%) done
[Fri Apr 14 15:15:49 2023]
Error in rule cutadapt_feature:
    message: For details, please issue:
kubectl describe pod snakejob-352dfc35-bcc7-559d-bdd6-8d579a53df72
kubectl logs snakejob-352dfc35-bcc7-559d-bdd6-8d579a53df72
    jobid: 3
    output: bkt-test-926/pbmc_test/results/cutadapt/adt/pbmc_adt_trimmed.R1.fastq.gz, bkt-test-926/pbmc_test/results/cutadapt/adt/pbmc_adt_trimmed.R2.fastq.gz
    log: bkt-test-926/logs/pbmc_cutadapt_adt.out (check log file(s) for error details)
    shell:
        
      cutadapt -j 24 -l 25         -o bkt-test-926/pbmc_test/results/cutadapt/adt/pbmc_adt_trimmed.R2.fastq.gz         <(zcat $(echo  | sed 's/R1/R2/g'))
      
      if [[ 0 == 1 ]]
      then
        ln -s  bkt-test-926/pbmc_test/results/cutadapt/adt/pbmc_adt_trimmed.R1.fastq.gz
      else
        gunzip -c  | gzip -c > bkt-test-926/pbmc_test/results/cutadapt/adt/pbmc_adt_trimmed.R1.fastq.gz
      fi
      
        (one of the commands exited with non-zero exit code; note that snakemake uses bash strict mode!)
    jobid: snakejob-352dfc35-bcc7-559d-bdd6-8d579a53df72

Shutting down, this might take some time.
Exiting because a job execution failed. Look above for error message
Complete log: .snakemake/log/2023-04-14T151445.457810.snakemake.log
