Building DAG of jobs...
Using snakemake/snakemake:v7.25.0 for Kubernetes jobs.
Using shell: /bin/bash
Provided cloud nodes: 999
Job stats:
job                    count    min threads    max threads
-------------------  -------  -------------  -------------
all                        1              1              1
cutadapt_feature           1              3              3
starsolo_feature           1              3              3
starsolo_gex_counts        1              3              3
total                      4              1              3

Select jobs to execute...
Failed to solve scheduling problem with ILP solver. Falling back to greedy solver. Run Snakemake with --verbose to see the full solver output for debugging the problem.

[Thu May 11 14:45:37 2023]
rule cutadapt_feature:
    input: bkt-test-926/pbmc_test/data/pbmc_ADT_L003_R1_001.fastq.gz, bkt-test-926/pbmc_test/data/pbmc_ADT_L003_R2_001.fastq.gz
    output: bkt-test-926/pbmc_test/results/cutadapt/adt/pbmc_adt_trimmed.R1.fastq.gz, bkt-test-926/pbmc_test/results/cutadapt/adt/pbmc_adt_trimmed.R2.fastq.gz
    log: bkt-test-926/logs/pbmc_cutadapt_adt.out
    jobid: 3
    reason: Missing output files: bkt-test-926/pbmc_test/results/cutadapt/adt/pbmc_adt_trimmed.R2.fastq.gz, bkt-test-926/pbmc_test/results/cutadapt/adt/pbmc_adt_trimmed.R1.fastq.gz
    wildcards: lib=adt, sample=pbmc
    threads: 3
    resources: mem_mb=1000, mem_mib=954, disk_mb=1000, disk_mib=954, tmpdir=<TBD>

Get status with:
kubectl describe pod snakejob-0656b89a-640e-55f6-9fcd-52355567a5bc
kubectl logs snakejob-0656b89a-640e-55f6-9fcd-52355567a5bc

[Thu May 11 14:45:37 2023]
rule starsolo_gex_counts:
    input: bkt-test-926/pbmc_test/data/pbmc_GEX_L001_R1_001.fastq.gz, bkt-test-926/pbmc_test/data/pbmc_GEX_L002_R1_001.fastq.gz, bkt-test-926/pbmc_test/data/pbmc_GEX_L001_R2_001.fastq.gz, bkt-test-926/pbmc_test/data/pbmc_GEX_L002_R2_001.fastq.gz, bkt-test-926/ref/3M-february-2018.txt, bkt-test-926/ref/737K-august-2016.txt, bkt-test-926/ref/Features_20221123_star
    output: bkt-test-926/pbmc_test/results/gex/pbmc/pbmc_Solo.out/Barcodes.stats
    log: bkt-test-926/logs/pbmc_star_gex_counts.out
    jobid: 1
    reason: Missing output files: bkt-test-926/pbmc_test/results/gex/pbmc/pbmc_Solo.out/Barcodes.stats
    wildcards: sample=pbmc
    threads: 3
    resources: mem_mb=1000, mem_mib=954, disk_mb=1000, disk_mib=954, tmpdir=<TBD>

Get status with:
kubectl describe pod snakejob-1617150b-08d5-57c7-959e-47254f580fb0
kubectl logs snakejob-1617150b-08d5-57c7-959e-47254f580fb0
[Thu May 11 14:46:30 2023]
Error in rule starsolo_gex_counts:
    message: For details, please issue:
kubectl describe pod snakejob-1617150b-08d5-57c7-959e-47254f580fb0
kubectl logs snakejob-1617150b-08d5-57c7-959e-47254f580fb0
    jobid: 1
    input: bkt-test-926/pbmc_test/data/pbmc_GEX_L001_R1_001.fastq.gz, bkt-test-926/pbmc_test/data/pbmc_GEX_L002_R1_001.fastq.gz, bkt-test-926/pbmc_test/data/pbmc_GEX_L001_R2_001.fastq.gz, bkt-test-926/pbmc_test/data/pbmc_GEX_L002_R2_001.fastq.gz, bkt-test-926/ref/3M-february-2018.txt, bkt-test-926/ref/737K-august-2016.txt, bkt-test-926/ref/Features_20221123_star
    output: bkt-test-926/pbmc_test/results/gex/pbmc/pbmc_Solo.out/Barcodes.stats
    log: bkt-test-926/logs/pbmc_star_gex_counts.out (check log file(s) for error details)
    shell:
        
      STAR --soloType CB_UMI_Simple       --soloCBmatchWLtype 1MM_multi_Nbase_pseudocounts       --soloUMIfiltering MultiGeneUMI       --soloUMIdedup 1MM_Directional       --readFilesCommand gunzip -c       --runThreadN 12       --soloBarcodeReadLength 0       --outFilterScoreMin 30       --soloCBwhitelist /ref/3M-february-2018.txt --soloUMIlen 12       --genomeDir /ref/cr2020A_star       --clipAdapterType CellRanger4       --soloFeatures Gene SJ Velocyto       --soloCellFilter EmptyDrops_CR 10000 0.99 10 45000 90000 500 0.01 20000 0.01 10000         --limitOutSJcollapsed 2000000       --outFileNamePrefix /pbmc_test/results/gex/pbmc/pbmc_       --outSAMtype None       --readFilesIn $(echo bkt-test-926/pbmc_test/data/pbmc_GEX_L001_R2_001.fastq.gz bkt-test-926/pbmc_test/data/pbmc_GEX_L002_R2_001.fastq.gz | sed 's/ /,/g') $(echo bkt-test-926/pbmc_test/data/pbmc_GEX_L001_R1_001.fastq.gz bkt-test-926/pbmc_test/data/pbmc_GEX_L002_R1_001.fastq.gz | sed 's/ /,/g')
      
      find /pbmc_test/results/gex/pbmc/pbmc_* -name "*tsv" -o -name '*mtx' -o -name '*tab'       | grep -v 'SJ/raw/features.tsv' | while read i; do gzip $i; done
      
        (one of the commands exited with non-zero exit code; note that snakemake uses bash strict mode!)
    jobid: snakejob-1617150b-08d5-57c7-959e-47254f580fb0

[Thu May 11 14:46:51 2023]
Finished job 3.
1 of 4 steps (25%) done
Shutting down, this might take some time.
Exiting because a job execution failed. Look above for error message
Complete log: .snakemake/log/2023-05-11T144516.592367.snakemake.log
