Building DAG of jobs...
Using snakemake/snakemake:v7.25.0 for Kubernetes jobs.
Using shell: /bin/bash
Provided cloud nodes: 999
Job stats:
job                    count    min threads    max threads
-------------------  -------  -------------  -------------
all                        1              1              1
starsolo_gex_counts        1              3              3
total                      2              1              3

Select jobs to execute...

[Fri Apr 14 15:11:38 2023]
rule starsolo_gex_counts:
    output: bkt-test-926/pbmc_test/results/gex/pbmc/pbmc_Solo.out/Barcodes.stats
    log: bkt-test-926/logs/pbmc_star_gex_counts.out
    jobid: 1
    reason: Missing output files: bkt-test-926/pbmc_test/results/gex/pbmc/pbmc_Solo.out/Barcodes.stats
    wildcards: sample=pbmc
    threads: 3
    resources: mem_mb=1000, mem_mib=954, disk_mb=1000, disk_mib=954, tmpdir=<TBD>

Get status with:
kubectl describe pod snakejob-e83907b0-8529-5a14-a917-59dc5318c09d
kubectl logs snakejob-e83907b0-8529-5a14-a917-59dc5318c09d
[Fri Apr 14 15:12:18 2023]
Finished job 1.
1 of 2 steps (50%) done
Select jobs to execute...

[Fri Apr 14 15:12:18 2023]
localrule all:
    input: bkt-test-926/pbmc_test/results/gex/pbmc/pbmc_Solo.out/Barcodes.stats
    jobid: 0
    reason: Input files updated by another job: bkt-test-926/pbmc_test/results/gex/pbmc/pbmc_Solo.out/Barcodes.stats
    resources: mem_mb=1000, mem_mib=954, disk_mb=1000, disk_mib=954, tmpdir=/var/folders/lh/wxsx42v97qz9_6ghgdp0tdt80000gp/T

Downloading from remote: bkt-test-926/pbmc_test/results/gex/pbmc/pbmc_Solo.out/Barcodes.stats
Finished download.
[Fri Apr 14 15:12:20 2023]
Finished job 0.
2 of 2 steps (100%) done
Complete log: .snakemake/log/2023-04-14T151135.154014.snakemake.log
