Building DAG of jobs...
Using snakemake/snakemake:v7.25.0 for Kubernetes jobs.
Using shell: /bin/bash
Provided cloud nodes: 999
Job stats:
job                    count    min threads    max threads
-------------------  -------  -------------  -------------
all                        1              1              1
starsolo_gex_counts        1              3              3
total                      2              1              3

Select jobs to execute...

[Fri Apr 14 15:09:28 2023]
rule starsolo_gex_counts:
    output: bkt-test-926/pbmc_test/results/gex/pbmc/pbmc_Solo.out/Barcodes.stats
    log: bkt-test-926/logs/pbmc_star_gex_counts.out
    jobid: 1
    reason: Missing output files: bkt-test-926/pbmc_test/results/gex/pbmc/pbmc_Solo.out/Barcodes.stats
    wildcards: sample=pbmc
    threads: 3
    resources: mem_mb=1000, mem_mib=954, disk_mb=1000, disk_mib=954, tmpdir=<TBD>

Get status with:
kubectl describe pod snakejob-35508d80-2684-5b9d-963f-db6f0db6a0cc
kubectl logs snakejob-35508d80-2684-5b9d-963f-db6f0db6a0cc
[Fri Apr 14 15:09:38 2023]
Error in rule starsolo_gex_counts:
    message: For details, please issue:
kubectl describe pod snakejob-35508d80-2684-5b9d-963f-db6f0db6a0cc
kubectl logs snakejob-35508d80-2684-5b9d-963f-db6f0db6a0cc
    jobid: 1
    output: bkt-test-926/pbmc_test/results/gex/pbmc/pbmc_Solo.out/Barcodes.stats
    log: bkt-test-926/logs/pbmc_star_gex_counts.out (check log file(s) for error details)
    shell:
        
      touch bkt-test-926/pbmc_test/results/gex/pbmc/pbmc_Solo.out/Barcodes.stats
      #STAR --soloType CB_UMI_Simple       #--soloCBmatchWLtype 1MM_multi_Nbase_pseudocounts       #--soloUMIfiltering MultiGeneUMI       #--soloUMIdedup 1MM_Directional       #--readFilesCommand gunzip -c       #--runThreadN 12       #--soloBarcodeReadLength 0       #--outFilterScoreMin 30       #--soloCBwhitelist /ref/3M-february-2018.txt --soloUMIlen 12       #--genomeDir /ref/cr2020A_star       #--clipAdapterType CellRanger4       #--soloFeatures Gene SJ Velocyto       #--soloCellFilter EmptyDrops_CR 10000 0.99 10 45000 90000 500 0.01 20000 0.01 10000         #--limitOutSJcollapsed 2000000       #--outFileNamePrefix /pbmc_test/results/gex/pbmc/pbmc_       #--outSAMtype None       #--readFilesIn $(echo  | sed 's/ /,/g;s/R1/R2/g') $(echo  | sed 's/ /,/g')
      
      #find /pbmc_test/results/gex/pbmc/pbmc_* -name "*tsv" -o -name '*mtx' -o -name '*tab'       #| grep -v 'SJ/raw/features.tsv' | while read i; do gzip $i; done
      
        (one of the commands exited with non-zero exit code; note that snakemake uses bash strict mode!)
    jobid: snakejob-35508d80-2684-5b9d-963f-db6f0db6a0cc

Shutting down, this might take some time.
Exiting because a job execution failed. Look above for error message
Complete log: .snakemake/log/2023-04-14T150925.306077.snakemake.log
